# JRE version: OpenJDK Runtime Environment (17.0.11) (build 17.0.11+0--11852314)
# Java VM: OpenJDK 64-Bit Server VM (17.0.11+0--11852314, mixed mode, tiered, compressed oops, compressed class ptrs, g1 gc, windows-amd64)
GC Precious Log:
 CPUs: 4 total, 4 available
 Memory: 8091M
 Large Page Support: Disabled
 NUMA Support: Disabled
 Compressed Oops: Enabled (32-bit)
 Heap Region Size: 1M
 Heap Min Capacity: 8M
 Heap Initial Capacity: 128M
 Heap Max Capacity: 2G
 Pre-touch: Disabled
 Parallel Workers: 4
 Concurrent Workers: 1
 Concurrent Refinement Workers: 4
 Periodic GC: Disabled
Heap:
 garbage-first heap   total 563200K, used 166651K [0x0000000080000000, 0x0000000100000000)
  region size 1024K, 4 young (4096K), 4 survivors (4096K)
 Metaspace       used 140711K, committed 141696K, reserved 1179648K
  class space    used 18933K, committed 19392K, reserved 1048576K
GC Heap History (20 events):
Event: 333.030 GC heap after
{Heap after GC invocations=106 (full 0):
 garbage-first heap   total 563200K, used 165875K [0x0000000080000000, 0x0000000100000000)
  region size 1024K, 2 young (2048K), 2 survivors (2048K)
 Metaspace       used 140087K, committed 140992K, reserved 1179648K
  class space    used 18894K, committed 19328K, reserved 1048576K
}
Event: 333.338 GC heap before
{Heap before GC invocations=106 (full 0):
 garbage-first heap   total 563200K, used 202739K [0x0000000080000000, 0x0000000100000000)
  region size 1024K, 39 young (39936K), 2 survivors (2048K)
 Metaspace       used 140109K, committed 140992K, reserved 1179648K
  class space    used 18894K, committed 19328K, reserved 1048576K
}
Event: 333.344 GC heap after
{Heap after GC invocations=107 (full 0):
 garbage-first heap   total 563200K, used 166528K [0x0000000080000000, 0x0000000100000000)
  region size 1024K, 3 young (3072K), 3 survivors (3072K)
 Metaspace       used 140109K, committed 140992K, reserved 1179648K
  class space    used 18894K, committed 19328K, reserved 1048576K
}
Event: 337.233 GC heap before
{Heap before GC invocations=108 (full 0):
 garbage-first heap   total 563200K, used 492160K [0x0000000080000000, 0x0000000100000000)
  region size 1024K, 320 young (327680K), 3 survivors (3072K)
 Metaspace       used 140156K, committed 141056K, reserved 1179648K
  class space    used 18898K, committed 19328K, reserved 1048576K
}
Event: 337.252 GC heap after
{Heap after GC invocations=109 (full 0):
 garbage-first heap   total 563200K, used 171073K [0x0000000080000000, 0x0000000100000000)
  region size 1024K, 7 young (7168K), 7 survivors (7168K)
 Metaspace       used 140156K, committed 141056K, reserved 1179648K
  class space    used 18898K, committed 19328K, reserved 1048576K
}
Event: 337.479 GC heap before
{Heap before GC invocations=109 (full 0):
 garbage-first heap   total 563200K, used 191553K [0x0000000080000000, 0x0000000100000000)
  region size 1024K, 27 young (27648K), 7 survivors (7168K)
 Metaspace       used 140161K, committed 141056K, reserved 1179648K
  class space    used 18898K, committed 19328K, reserved 1048576K
}
Event: 337.491 GC heap after
{Heap after GC invocations=110 (full 0):
 garbage-first heap   total 563200K, used 163106K [0x0000000080000000, 0x0000000100000000)
  region size 1024K, 1 young (1024K), 1 survivors (1024K)
 Metaspace       used 140161K, committed 141056K, reserved 1179648K
  class space    used 18898K, committed 19328K, reserved 1048576K
}
Event: 340.101 GC heap before
{Heap before GC invocations=110 (full 0):
 garbage-first heap   total 563200K, used 489762K [0x0000000080000000, 0x0000000100000000)
  region size 1024K, 320 young (327680K), 1 survivors (1024K)
 Metaspace       used 140232K, committed 141120K, reserved 1179648K
  class space    used 18908K, committed 19328K, reserved 1048576K
}
Event: 340.111 GC heap after
{Heap after GC invocations=111 (full 0):
 garbage-first heap   total 563200K, used 166178K [0x0000000080000000, 0x0000000100000000)
  region size 1024K, 4 young (4096K), 4 survivors (4096K)
 Metaspace       used 140232K, committed 141120K, reserved 1179648K
  class space    used 18908K, committed 19328K, reserved 1048576K
}
Event: 348.419 GC heap before
{Heap before GC invocations=112 (full 0):
 garbage-first heap   total 563200K, used 490786K [0x0000000080000000, 0x0000000100000000)
  region size 1024K, 320 young (327680K), 4 survivors (4096K)
 Metaspace       used 140419K, committed 141312K, reserved 1179648K
  class space    used 18910K, committed 19328K, reserved 1048576K
}
Event: 348.436 GC heap after
{Heap after GC invocations=113 (full 0):
 garbage-first heap   total 563200K, used 168192K [0x0000000080000000, 0x0000000100000000)
  region size 1024K, 6 young (6144K), 6 survivors (6144K)
 Metaspace       used 140419K, committed 141312K, reserved 1179648K
  class space    used 18910K, committed 19328K, reserved 1048576K
}
Event: 348.560 GC heap before
{Heap before GC invocations=113 (full 0):
 garbage-first heap   total 563200K, used 189696K [0x0000000080000000, 0x0000000100000000)
  region size 1024K, 27 young (27648K), 6 survivors (6144K)
 Metaspace       used 140423K, committed 141312K, reserved 1179648K
  class space    used 18910K, committed 19328K, reserved 1048576K
}
Event: 348.578 GC heap after
{Heap after GC invocations=114 (full 0):
 garbage-first heap   total 563200K, used 162540K [0x0000000080000000, 0x0000000100000000)
  region size 1024K, 2 young (2048K), 2 survivors (2048K)
 Metaspace       used 140423K, committed 141312K, reserved 1179648K
  class space    used 18910K, committed 19328K, reserved 1048576K
}
Event: 351.187 GC heap before
{Heap before GC invocations=114 (full 0):
 garbage-first heap   total 563200K, used 487148K [0x0000000080000000, 0x0000000100000000)
  region size 1024K, 319 young (326656K), 2 survivors (2048K)
 Metaspace       used 140679K, committed 141632K, reserved 1179648K
  class space    used 18933K, committed 19392K, reserved 1048576K
}
Event: 351.208 GC heap after
{Heap after GC invocations=115 (full 0):
 garbage-first heap   total 563200K, used 172741K [0x0000000080000000, 0x0000000100000000)
  region size 1024K, 12 young (12288K), 12 survivors (12288K)
 Metaspace       used 140679K, committed 141632K, reserved 1179648K
  class space    used 18933K, committed 19392K, reserved 1048576K
}
Event: 353.748 GC heap before
{Heap before GC invocations=116 (full 0):
 garbage-first heap   total 563200K, used 477893K [0x0000000080000000, 0x0000000100000000)
  region size 1024K, 313 young (320512K), 12 survivors (12288K)
 Metaspace       used 140694K, committed 141632K, reserved 1179648K
  class space    used 18933K, committed 19392K, reserved 1048576K
}
Event: 353.784 GC heap after
{Heap after GC invocations=117 (full 0):
 garbage-first heap   total 563200K, used 183396K [0x0000000080000000, 0x0000000100000000)
  region size 1024K, 25 young (25600K), 25 survivors (25600K)
 Metaspace       used 140694K, committed 141632K, reserved 1179648K
  class space    used 18933K, committed 19392K, reserved 1048576K
}
Event: 353.796 GC heap before
{Heap before GC invocations=117 (full 0):
 garbage-first heap   total 563200K, used 185444K [0x0000000080000000, 0x0000000100000000)
  region size 1024K, 27 young (27648K), 25 survivors (25600K)
 Metaspace       used 140694K, committed 141632K, reserved 1179648K
  class space    used 18933K, committed 19392K, reserved 1048576K
}
Event: 353.833 GC heap after
{Heap after GC invocations=118 (full 0):
 garbage-first heap   total 563200K, used 164603K [0x0000000080000000, 0x0000000100000000)
  region size 1024K, 2 young (2048K), 2 survivors (2048K)
 Metaspace       used 140694K, committed 141632K, reserved 1179648K
  class space    used 18933K, committed 19392K, reserved 1048576K
}
Event: 355.270 GC heap before
{Heap before GC invocations=118 (full 0):
 garbage-first heap   total 563200K, used 472827K [0x0000000080000000, 0x0000000100000000)
  region size 1024K, 303 young (310272K), 2 survivors (2048K)
 Metaspace       used 140711K, committed 141696K, reserved 1179648K
  class space    used 18933K, committed 19392K, reserved 1048576K
}

